\BOOKMARK [0][-]{chapter.1}{\376\377\000\332\000v\000o\000d}{}% 1
\BOOKMARK [0][-]{chapter.2}{\376\377\000N\000u\000m\000e\000r\000i\000c\000k\000\341\000\040\000i\000n\000t\000e\000g\000r\000\341\000c\000i\000a}{}% 2
\BOOKMARK [1][-]{section.2.1}{\376\377\000T\000a\000y\000l\000o\000r\000o\000v\000a\000\040\000r\000a\000d\000a}{chapter.2}% 3
\BOOKMARK [1][-]{section.2.2}{\376\377\000E\000u\000l\000e\000r\000o\000v\000a\000\040\000m\000e\000t\000\363\000d\000a}{chapter.2}% 4
\BOOKMARK [1][-]{section.2.3}{\376\377\000R\000u\000n\000g\000e\000-\000K\000u\000t\000t\000a}{chapter.2}% 5
\BOOKMARK [2][-]{subsection.2.3.1}{\376\377\000R\000u\000n\000g\000e\000-\000K\000u\000t\000t\000a\000\040\0002\000.\000\040\000r\000\341\000d\000u}{section.2.3}% 6
\BOOKMARK [2][-]{subsection.2.3.2}{\376\377\000R\000u\000n\000g\000e\000-\000K\000u\000t\000t\000a\000\040\0004\000.\000\040\000r\000\341\000d\000u}{section.2.3}% 7
\BOOKMARK [0][-]{chapter.3}{\376\377\000R\000i\000e\001\141\000e\000n\000i\000e\000\040\000d\000i\000f\000e\000r\000e\000n\000c\000i\000\341\000l\000n\000y\000c\000h\000\040\000r\000o\000v\000n\000\355\000c\000\040\000T\000a\000y\000l\000o\000r\000o\000v\000o\000u\000\040\000r\000a\000d\000o\000u}{}% 8
\BOOKMARK [1][-]{section.3.1}{\376\377\000R\000i\000e\001\141\000e\000n\000i\000e\000\040\000d\000i\000f\000e\000r\000e\000n\000c\000i\000\341\000l\000n\000e\000j\000\040\000r\000o\000v\000n\000i\000c\000e\000\040\000s\000\040\000o\000p\000e\000r\000\341\000c\000i\000o\000u\000\040\000n\000\341\000s\000o\000b\000e\000n\000i\000a}{chapter.3}% 9
\BOOKMARK [1][-]{section.3.2}{\376\377\000R\000i\000e\001\141\000e\000n\000i\000e\000\040\000d\000i\000f\000e\000r\000e\000n\000c\000i\000\341\000l\000n\000e\000j\000\040\000r\000o\000v\000n\000i\000c\000e\000\040\000s\000\040\000o\000p\000e\000r\000\341\000c\000i\000o\000u\000\040\000d\000e\000l\000e\000n\000i\000a}{chapter.3}% 10
\BOOKMARK [0][-]{chapter.4}{\376\377\000R\000e\000p\000r\000e\000z\000e\000n\000t\000\341\000c\000i\000a\000\040\000o\000p\000e\000r\000a\000n\000d\000o\000v}{}% 11
\BOOKMARK [1][-]{section.4.1}{\376\377\000P\000e\000v\000n\000\341\000\040\000r\000\341\000d\000o\000v\000\341\000\040\001\015\000i\000a\000r\000k\000a}{chapter.4}% 12
\BOOKMARK [1][-]{section.4.2}{\376\377\000P\000o\000h\000y\000b\000l\000i\000v\000\341\000\040\000r\000\341\000d\000o\000v\000\341\000\040\001\015\000i\000a\000r\000k\000a}{chapter.4}% 13
\BOOKMARK [2][-]{subsection.4.2.1}{\376\377\000S\000\372\001\015\000e\000t\000\040\000a\000\040\000r\000o\000z\000d\000i\000e\000l}{section.4.2}% 14
\BOOKMARK [2][-]{subsection.4.2.2}{\376\377\000N\000\341\000s\000o\000b\000e\000n\000i\000e\000\040\000a\000\040\000d\000e\000l\000e\000n\000i\000e}{section.4.2}% 15
\BOOKMARK [0][-]{chapter.5}{\376\377\000N\000u\000m\000e\000r\000i\000c\000k\000\351\000\040\000i\000n\000t\000e\000g\000r\000\341\000t\000o\000r\000y}{}% 16
\BOOKMARK [1][-]{section.5.1}{\376\377\000N\000\341\000v\000r\000h\000\040\000n\000\341\000s\000o\000b\000i\000a\000c\000e\000h\000o\000\040\000i\000n\000t\000e\000g\000r\000\341\000t\000o\000r\000a\000\040\000v\000\040\000p\000e\000v\000n\000e\000j\000\040\000r\000\341\000d\000o\000v\000e\000j\000\040\001\015\000i\000a\000r\000k\000e}{chapter.5}% 17
\BOOKMARK [1][-]{section.5.2}{\376\377\000N\000\341\000v\000r\000h\000\040\000d\000e\000l\000i\000a\000c\000e\000h\000o\000\040\000i\000n\000t\000e\000g\000r\000\341\000t\000o\000r\000a\000\040\000v\000\040\000p\000e\000v\000n\000e\000j\000\040\000r\000\341\000d\000o\000v\000e\000j\000\040\001\015\000i\000a\000r\000k\000e}{chapter.5}% 18
\BOOKMARK [1][-]{section.5.3}{\376\377\000N\000\341\000v\000r\000h\000\040\000j\000e\000d\000n\000o\000v\000s\000t\000u\000p\000o\000v\000\351\000h\000o\000\040\000i\000n\000t\000e\000g\000r\000\341\000t\000o\000r\000a}{chapter.5}% 19
\BOOKMARK [1][-]{section.5.4}{\376\377\000N\000\341\000v\000r\000h\000\040\000k\000o\000m\000p\000o\000n\000e\000n\000t\000u\000\040\000n\000a\000\040\000s\000p\000r\000a\000c\000o\000v\000a\000n\000i\000e\000\040\000e\000x\000p\000o\000n\000e\000n\000t\000o\000v}{chapter.5}% 20
\BOOKMARK [1][-]{section.5.5}{\376\377\000N\000\341\000v\000r\000h\000\040\000n\000\341\000s\000o\000b\000i\000a\000c\000i\000e\000h\000o\000\040\000i\000n\000t\000e\000g\000r\000\341\000t\000o\000r\000a\000\040\000v\000\040\000p\000o\000h\000y\000b\000l\000i\000v\000e\000j\000\040\000r\000\341\000d\000o\000v\000e\000j\000\040\001\015\000i\000a\000r\000k\000e}{chapter.5}% 21
\BOOKMARK [1][-]{section.5.6}{\376\377\000D\000e\000l\000i\000a\000c\000i\000\040\000i\000n\000t\000e\000g\000r\000\341\000t\000o\000r\000\040\000v\000\040\000p\000o\000h\000y\000b\000l\000i\000v\000e\000j\000\040\000r\000\341\000d\000o\000v\000e\000j\000\040\001\015\000i\000a\000r\000k\000e}{chapter.5}% 22
\BOOKMARK [1][-]{section.5.7}{\376\377\000S\000\372\000s\000t\000a\000v\000a\000\040\000d\000i\000f\000e\000r\000e\000n\000c\000i\000\341\000l\000n\000y\000c\000h\000\040\000r\000o\000v\000n\000\355\000c}{chapter.5}% 23
\BOOKMARK [0][-]{chapter.6}{\376\377\000P\000o\000p\000\355\000s\000a\000n\000i\000e\000\040\000i\000n\000t\000e\000g\000r\000\341\000t\000o\000r\000v\000\040\000v\000o\000\040\000V\000H\000D\000L}{}% 24
\BOOKMARK [1][-]{section.6.1}{\376\377\000I\000n\000t\000e\000g\000r\000\341\000t\000o\000r\000y\000\040\000v\000\040\000p\000e\000v\000n\000e\000j\000\040\000r\000\341\000d\000o\000v\000e\000j\000\040\001\015\000i\000a\000r\000k\000e}{chapter.6}% 25
\BOOKMARK [1][-]{section.6.2}{\376\377\000I\000n\000t\000e\000g\000r\000\341\000t\000o\000r\000y\000\040\000v\000\040\000p\000o\000h\000y\000b\000l\000i\000v\000e\000j\000\040\000r\000\341\000d\000o\000v\000e\000j\000\040\001\015\000i\000a\000r\000k\000e}{chapter.6}% 26
\BOOKMARK [1][-]{section.6.3}{\376\377\000S\000\372\000s\000t\000a\000v\000a\000\040\000i\000n\000t\000e\000g\000r\000\341\000t\000o\000r\000v}{chapter.6}% 27
\BOOKMARK [0][-]{chapter.7}{\376\377\000A\000n\000a\000l\000\375\000z\000a}{}% 28
\BOOKMARK [1][-]{section.7.1}{\376\377\000P\000o\000r\000o\000v\000a\000n\000i\000e\000\040\000T\000a\000y\000l\000o\000r\000o\000v\000e\000j\000\040\000r\000a\000d\000y\000\040\000s\000\040\000m\000e\000t\000\363\000d\000o\000u\000\040\000R\000u\000n\000g\000e\000-\000K\000u\000t\000t\000a\000\040\0002\000.\000\040\000r\000\341\000d\000u}{chapter.7}% 29
\BOOKMARK [1][-]{section.7.2}{\376\377\000P\000o\000r\000o\000v\000a\000n\000i\000e\000\040\000T\000a\000y\000l\000o\000r\000o\000v\000e\000j\000\040\000r\000a\000d\000y\000\040\000s\000\040\000m\000e\000t\000\363\000d\000o\000u\000\040\000R\000u\000n\000g\000e\000-\000K\000u\000t\000t\000a\000\040\0004\000.\000\040\000r\000\341\000d\000u}{chapter.7}% 30
\BOOKMARK [0][-]{chapter.8}{\376\377\000Z\000\341\000v\000e\000r}{}% 31
\BOOKMARK [0][-]{chapter*.38}{\376\377\000L\000i\000t\000e\000r\000a\000t\000\372\000r\000a}{}% 32
\BOOKMARK [0][-]{appendix.A}{\376\377\000O\000b\000s\000a\000h\000\040\000C\000D}{}% 33
